<?xml version="1.0" encoding="UTF-8"?>
<robot generator="Robot 7.0 (Python 3.12.1 on win32)" generated="2024-05-07T16:06:53.708036" rpa="false" schemaversion="5">
<suite id="s1" name="Test" source="C:\Users\flame\OneDrive\เอกสาร\AIS\202405_robot_scb\test.robot">
<kw name="Set Selenium Speed" owner="Selenium2Library" type="SETUP">
<arg>0.2</arg>
<doc>Sets the delay that is waited after each Selenium command.</doc>
<status status="PASS" start="2024-05-07T16:06:53.935099" elapsed="0.000000"/>
</kw>
<test id="s1-t1" name="Generate Token and Submit Payment" line="89">
<kw name="Register Token WL with API">
<kw name="Create Dictionary" owner="BuiltIn">
<msg time="2024-05-07T16:06:53.935099" level="INFO">${headers} = {'Content-Type': 'application/json', 'Authorization': 'Basic ZGV2LWNoYW5uZWwtc2RwZzpQQHNzdzByZA=='}</msg>
<var>${headers}</var>
<arg>Content-Type</arg>
<arg>application/json</arg>
<arg>Authorization</arg>
<arg>Basic ${API_Authorization}</arg>
<doc>Creates and returns a dictionary based on the given ``items``.</doc>
<status status="PASS" start="2024-05-07T16:06:53.935099" elapsed="0.000000"/>
</kw>
<kw name="Get Current Date" owner="DateTime">
<msg time="2024-05-07T16:06:53.935099" level="INFO">${current_datetime} = 20240507160653</msg>
<var>${current_datetime}</var>
<arg>result_format=%Y%m%d%H%M%S</arg>
<doc>Returns current local or UTC time with an optional increment.</doc>
<status status="PASS" start="2024-05-07T16:06:53.935099" elapsed="0.000000"/>
</kw>
<kw name="Catenate" owner="BuiltIn">
<msg time="2024-05-07T16:06:53.935099" level="INFO">${channelRefID} = CRID20240507160653</msg>
<var>${channelRefID}</var>
<arg>SEPARATOR=</arg>
<arg>CRID</arg>
<arg>${current_datetime}</arg>
<doc>Catenates the given items together and returns the resulted string.</doc>
<status status="PASS" start="2024-05-07T16:06:53.935099" elapsed="0.000000"/>
</kw>
<kw name="Create Dictionary" owner="BuiltIn">
<msg time="2024-05-07T16:06:53.935099" level="INFO">${option} = {'msisdn': 'FrameSCB125', 'mobile': '0821997434', 'ba': 'SCB', 'amount': '1500', 'bankAcquireID': '014', 'lang': 'en', 'currency': 'thb', 'ipAddress': '192.168.1.104', 'capture': 'I', 'merchantCode': ...</msg>
<var>${option}</var>
<arg>msisdn=FrameSCB125</arg>
<arg>mobile=0821997434</arg>
<arg>ba=SCB</arg>
<arg>amount=1500</arg>
<arg>bankAcquireID=014</arg>
<arg>lang=en</arg>
<arg>currency=thb</arg>
<arg>ipAddress=192.168.1.104</arg>
<arg>capture=I</arg>
<arg>merchantCode=2024000202</arg>
<arg>channelRefID=${channelRefID}</arg>
<arg>subChannelId=Frametest230229No112</arg>
<arg>terminalId=10110</arg>
<arg>bankIssuer=SCB</arg>
<arg>productType=MERABS</arg>
<arg>productCode=A</arg>
<arg>rmbFlag=Y</arg>
<arg>city=BKK</arg>
<arg>postCode=10240</arg>
<arg>installmentTerm=3</arg>
<arg>computeMethod=3</arg>
<doc>Creates and returns a dictionary based on the given ``items``.</doc>
<status status="PASS" start="2024-05-07T16:06:53.935099" elapsed="0.000000"/>
</kw>
<kw name="Create Dictionary" owner="BuiltIn">
<msg time="2024-05-07T16:06:53.935099" level="INFO">${payload} = {'api': 'registerToken', 'commandName': 'WLRegisterPayment3D', 'channelName': 'Superduper', 'skinCode': 'mpay-th', 'callbackType': 'json', 'option': {'msisdn': 'FrameSCB125', 'mobile': '0821997434', '...</msg>
<var>${payload}</var>
<arg>api=registerToken</arg>
<arg>commandName=WLRegisterPayment3D</arg>
<arg>channelName=Superduper</arg>
<arg>skinCode=mpay-th</arg>
<arg>callbackType=json</arg>
<arg>option=${option}</arg>
<doc>Creates and returns a dictionary based on the given ``items``.</doc>
<status status="PASS" start="2024-05-07T16:06:53.935099" elapsed="0.000000"/>
</kw>
<kw name="POST" owner="RequestsLibrary">
<msg time="2024-05-07T16:06:54.716282" level="INFO">POST Request : url=https://dev0-pci-api.adldigitalservice.com/api-intra/dev/superduper/v1/payment 
 path_url=/api-intra/dev/superduper/v1/payment 
 headers={'User-Agent': 'python-requests/2.31.0', 'Accept-Encoding': 'gzip, deflate', 'Accept': '*/*', 'Connection': 'keep-alive', 'Content-Type': 'application/json', 'Authorization': 'Basic ZGV2LWNoYW5uZWwtc2RwZzpQQHNzdzByZA==', 'Content-Length': '628'} 
 body=b'{"api": "registerToken", "commandName": "WLRegisterPayment3D", "channelName": "Superduper", "skinCode": "mpay-th", "callbackType": "json", "option": {"msisdn": "FrameSCB125", "mobile": "0821997434", "ba": "SCB", "amount": "1500", "bankAcquireID": "014", "lang": "en", "currency": "thb", "ipAddress": "192.168.1.104", "capture": "I", "merchantCode": "2024000202", "channelRefID": "CRID20240507160653", "subChannelId": "Frametest230229No112", "terminalId": "10110", "bankIssuer": "SCB", "productType": "MERABS", "productCode": "A", "rmbFlag": "Y", "city": "BKK", "postCode": "10240", "installmentTerm": "3", "computeMethod": "3"}}' 
 </msg>
<msg time="2024-05-07T16:06:54.716282" level="INFO">POST Response : url=https://dev0-pci-api.adldigitalservice.com/api-intra/dev/superduper/v1/payment 
 status=200, reason=OK 
 headers={'Date': 'Tue, 07 May 2024 09:06:55 GMT', 'Content-Type': 'application/json', 'Transfer-Encoding': 'chunked', 'Connection': 'keep-alive', 'vary': 'Origin,Access-Control-Request-Method,Access-Control-Request-Headers', 'traceid': '13a8b56e3144d97727971c3e787c1a78', 'content-security-policy': "default-src * data:; style-src  'self' 'unsafe-inline' 'unsafe-eval' data:", 'strict-transport-security': 'max-age=7776000; includeSubDomains', 'x-content-type-options': 'nosniff', 'x-frame-options': 'SAMEORIGIN', 'x-xss-protection': '1; mode=block'} 
 body={"status":1,"apiRefID":"PCIA1715072814989","message":"Success","messageCode":"I0000","tokenID":"cd651c9c8a3d42c5a8c26be777e9e4ed","publicKey":"MIICIjANBgkqhkiG9w0BAQEFAAOCAg8AMIICCgKCAgEAv/8m2t8C/E3nObTdUiUiFSkcY3pU0JeuixI6rk3dIZcet6KO0BiYVRSz2x9esqm9Q6YCcN/f7wGe2rkOMsq3lt5yipTLf8XK7ZW7oz1x7KY7BTMBwSXHxewRLtjMLcHG6l8h+1d13Fn0b/4nP/kEExdOnyNyGRLullhG9CGXxeEdLE6Jmbx6TQsqsIZG8kGUQ3cILy1ijxhoL4RKtZl+YPZQiM7FgUUTS+W8jnMbjuPrvo7xLMLigxCLCDpRGFjUaoLZO3VJMa6BznPDZ8AsExbkyY5kC9VYJOHgIXXaZcRUvxDEQlvkQtKzxivVm2O+r849pxh/sdRkL5i2w4FiNpHLb9V53EbCaXhULC8WVBJkc5np/fokJ2qYiJ1S0mG9Z1VzD96L6gz1cVAv3BWFkEs+uYEpAHrQn0m+SRS61GqFZ9Yd2wYUuvNr67OZnNc35h5X127UDZBKgC0TQT2Te+Op5fUXZL8BVYUNSh9/V2ibO3mXcaPXntJtQ4XJRh+lxdrufUGR66y8NRAblfr8KGFXg4sak8NPtVsFPPSFe1gt1FSpT3htK2rbUnXhrbZ4N9mWrws6Tfmheuy6Y40uq9d7qH5Wr7cWOG6KGYnmLb2q0tat5GmKSuA9XyxaSGMQKcXwOkcm/n9tcX0GxmplB11wV6I/zK8ysUcoUCp9RGkCAwEAAQ=="} 
 </msg>
<msg time="2024-05-07T16:06:54.716282" level="INFO">${response} = &lt;Response [200]&gt;</msg>
<var>${response}</var>
<arg>${API_Base_Url}</arg>
<arg>json=${payload}</arg>
<arg>headers=${headers}</arg>
<doc>Sends a POST request.</doc>
<status status="PASS" start="2024-05-07T16:06:53.935099" elapsed="0.781183"/>
</kw>
<kw name="Should Be Equal As Strings" owner="BuiltIn">
<msg time="2024-05-07T16:06:54.716282" level="INFO">Argument types are:
&lt;class 'int'&gt;
&lt;class 'str'&gt;</msg>
<arg>${response.status_code}</arg>
<arg>200</arg>
<doc>Fails if objects are unequal after converting them to strings.</doc>
<status status="PASS" start="2024-05-07T16:06:54.716282" elapsed="0.000000"/>
</kw>
<kw name="Log To Console" owner="BuiltIn">
<arg>\n${response.content}</arg>
<doc>Logs the given message to the console.</doc>
<status status="PASS" start="2024-05-07T16:06:54.716282" elapsed="0.000000"/>
</kw>
<kw name="Evaluate" owner="BuiltIn">
<msg time="2024-05-07T16:06:54.716282" level="INFO">${json_response} = {'status': 1, 'apiRefID': 'PCIA1715072814989', 'message': 'Success', 'messageCode': 'I0000', 'tokenID': 'cd651c9c8a3d42c5a8c26be777e9e4ed', 'publicKey': 'MIICIjANBgkqhkiG9w0BAQEFAAOCAg8AMIICCgKCAgEAv/...</msg>
<var>${json_response}</var>
<arg>json.loads($response.content)</arg>
<arg>json</arg>
<doc>Evaluates the given expression in Python and returns the result.</doc>
<status status="PASS" start="2024-05-07T16:06:54.716282" elapsed="0.000000"/>
</kw>
<kw name="Set Variable" owner="BuiltIn">
<msg time="2024-05-07T16:06:54.716282" level="INFO">${token_id} = cd651c9c8a3d42c5a8c26be777e9e4ed</msg>
<var>${token_id}</var>
<arg>${json_response['tokenID']}</arg>
<doc>Returns the given values which can then be assigned to a variables.</doc>
<status status="PASS" start="2024-05-07T16:06:54.716282" elapsed="0.000000"/>
</kw>
<kw name="Log To Console" owner="BuiltIn">
<arg>\nToken ID: ${token_id}</arg>
<doc>Logs the given message to the console.</doc>
<status status="PASS" start="2024-05-07T16:06:54.716282" elapsed="0.000000"/>
</kw>
<kw name="Open Browser" owner="Selenium2Library">
<msg time="2024-05-07T16:06:54.716282" level="INFO">Opening browser 'gc' to base url 'https://dev0-pci-api.adldigitalservice.com/web/dev/superduper?token=cd651c9c8a3d42c5a8c26be777e9e4ed&amp;channelName=SuperDuper'.</msg>
<arg>https://dev0-pci-api.adldigitalservice.com/web/dev/superduper?token=${token_id}&amp;channelName=SuperDuper</arg>
<arg>${browser}</arg>
<doc>Opens a new browser instance to the optional ``url``.</doc>
<status status="PASS" start="2024-05-07T16:06:54.716282" elapsed="6.145555"/>
</kw>
<kw name="Maximize Browser Window" owner="Selenium2Library">
<doc>Maximizes current browser window.</doc>
<status status="PASS" start="2024-05-07T16:07:00.861837" elapsed="0.240143"/>
</kw>
<doc>Register Token via API and open the web page with the token ID.</doc>
<status status="PASS" start="2024-05-07T16:06:53.935099" elapsed="7.166881"/>
</kw>
<kw name="Input Creadit Card information">
<kw name="Wait Until Element Is Visible" owner="Selenium2Library">
<arg>${locator_input_cc}</arg>
<doc>Waits until the element ``locator`` is visible.</doc>
<status status="PASS" start="2024-05-07T16:07:01.101980" elapsed="0.426652"/>
</kw>
<kw name="Input Text" owner="Selenium2Library">
<msg time="2024-05-07T16:07:01.528632" level="INFO">Typing text '4773760188009704' into text field 'id=cc-number-input'.</msg>
<arg>${locator_input_cc}</arg>
<arg>${Card_number}</arg>
<doc>Types the given ``text`` into the text field identified by ``locator``.</doc>
<status status="PASS" start="2024-05-07T16:07:01.528632" elapsed="0.706497"/>
</kw>
<kw name="Wait Until Element Is Visible" owner="Selenium2Library">
<arg>${locator_input_expiredmonth_cc}</arg>
<doc>Waits until the element ``locator`` is visible.</doc>
<status status="PASS" start="2024-05-07T16:07:02.235129" elapsed="0.419778"/>
</kw>
<kw name="Click Element" owner="Selenium2Library">
<msg time="2024-05-07T16:07:02.654907" level="INFO">Clicking element 'id=expiredMonth'.</msg>
<arg>${locator_input_expiredmonth_cc}</arg>
<doc>Click the element identified by ``locator``.</doc>
<status status="PASS" start="2024-05-07T16:07:02.654907" elapsed="0.445029"/>
</kw>
<kw name="Wait Until Element Is Visible" owner="Selenium2Library">
<arg>xpath://*[@id="expiredMonth"]/option[3]</arg>
<doc>Waits until the element ``locator`` is visible.</doc>
<status status="PASS" start="2024-05-07T16:07:03.099936" elapsed="0.417824"/>
</kw>
<kw name="Click Element" owner="Selenium2Library">
<msg time="2024-05-07T16:07:03.517760" level="INFO">Clicking element 'xpath://*[@id="expiredMonth"]/option[3]'.</msg>
<arg>xpath://*[@id="expiredMonth"]/option[3]</arg>
<doc>Click the element identified by ``locator``.</doc>
<status status="PASS" start="2024-05-07T16:07:03.517760" elapsed="0.428574"/>
</kw>
<kw name="Wait Until Element Is Visible" owner="Selenium2Library">
<arg>${locator_input_expiredYear_cc}</arg>
<doc>Waits until the element ``locator`` is visible.</doc>
<status status="PASS" start="2024-05-07T16:07:03.946334" elapsed="0.418959"/>
</kw>
<kw name="Click Element" owner="Selenium2Library">
<msg time="2024-05-07T16:07:04.365293" level="INFO">Clicking element 'id=expiredYear'.</msg>
<arg>${locator_input_expiredYear_cc}</arg>
<doc>Click the element identified by ``locator``.</doc>
<status status="PASS" start="2024-05-07T16:07:04.365293" elapsed="0.442514"/>
</kw>
<kw name="Wait Until Element Is Visible" owner="Selenium2Library">
<arg>xpath://*[@id="expiredYear"]/option[6]</arg>
<doc>Waits until the element ``locator`` is visible.</doc>
<status status="PASS" start="2024-05-07T16:07:04.807807" elapsed="0.416751"/>
</kw>
<kw name="Click Element" owner="Selenium2Library">
<msg time="2024-05-07T16:07:05.224558" level="INFO">Clicking element 'xpath://*[@id="expiredYear"]/option[6]'.</msg>
<arg>xpath://*[@id="expiredYear"]/option[6]</arg>
<doc>Click the element identified by ``locator``.</doc>
<status status="PASS" start="2024-05-07T16:07:05.224558" elapsed="0.422557"/>
</kw>
<kw name="Input Text" owner="Selenium2Library">
<msg time="2024-05-07T16:07:05.647115" level="INFO">Typing text '008' into text field 'id=cvv'.</msg>
<arg>${locator_input_cvv_cc}</arg>
<arg>${Card_CVV}</arg>
<doc>Types the given ``text`` into the text field identified by ``locator``.</doc>
<status status="PASS" start="2024-05-07T16:07:05.647115" elapsed="0.673043"/>
</kw>
<arg>4773760188009704</arg>
<arg>008</arg>
<doc>Input credit card information and submit.</doc>
<status status="PASS" start="2024-05-07T16:07:01.101980" elapsed="5.218178"/>
</kw>
<kw name="Click Element" owner="Selenium2Library">
<msg time="2024-05-07T16:07:06.320158" level="INFO">Clicking element 'id=cc-submit-btn'.</msg>
<arg>${locator_btn_submit}</arg>
<doc>Click the element identified by ``locator``.</doc>
<status status="PASS" start="2024-05-07T16:07:06.320158" elapsed="0.456737"/>
</kw>
<doc>Generate token via API and submit payment.</doc>
<tag>payment</tag>
<status status="PASS" start="2024-05-07T16:06:53.935099" elapsed="12.841796"/>
</test>
<status status="PASS" start="2024-05-07T16:06:53.708036" elapsed="13.068859"/>
</suite>
<statistics>
<total>
<stat pass="1" fail="0" skip="0">All Tests</stat>
</total>
<tag>
<stat pass="1" fail="0" skip="0">payment</stat>
</tag>
<suite>
<stat pass="1" fail="0" skip="0" id="s1" name="Test">Test</stat>
</suite>
</statistics>
<errors>
</errors>
</robot>
